This file contains any messages produced by compilers while
running configure, to aid debugging if configure makes a mistake.

It was created by urutau_icons configure 0.1, which was
generated by GNU Autoconf 2.69.  Invocation command line was

  $ /home/helder/urutau-icons/configure 

## --------- ##
## Platform. ##
## --------- ##

hostname = helder-Aspire-E1-572
uname -m = x86_64
uname -r = 4.10.0-28-generic
uname -s = Linux
uname -v = #32~16.04.2-Ubuntu SMP Thu Jul 20 10:19:48 UTC 2017

/usr/bin/uname -p = unknown
/bin/uname -X     = unknown

/bin/arch              = unknown
/usr/bin/arch -k       = unknown
/usr/convex/getsysinfo = unknown
/usr/bin/hostinfo      = unknown
/bin/machine           = unknown
/usr/bin/oslevel       = unknown
/bin/universe          = unknown

PATH: /home/helder/.dropbox-bin
PATH: /home/helder/bin
PATH: /home/helder/.local/bin
PATH: /usr/local/sbin
PATH: /usr/local/bin
PATH: /usr/sbin
PATH: /usr/bin
PATH: /sbin
PATH: /bin
PATH: /usr/games
PATH: /usr/local/games


## ----------- ##
## Core tests. ##
## ----------- ##

configure:2259: checking for a BSD-compatible install
configure:2327: result: /usr/bin/install -c
configure:2338: checking whether build environment is sane
configure:2393: result: yes
configure:2544: checking for a thread-safe mkdir -p
configure:2583: result: /bin/mkdir -p
configure:2590: checking for gawk
configure:2606: found /usr/bin/gawk
configure:2617: result: gawk
configure:2628: checking whether make sets $(MAKE)
configure:2650: result: yes
configure:2679: checking whether make supports nested variables
configure:2696: result: yes
configure:2834: checking whether make supports nested variables
configure:2851: result: yes
configure:2911: checking for gcc
configure:2927: found /usr/bin/gcc
configure:2938: result: gcc
configure:3167: checking for C compiler version
configure:3176: gcc --version >&5
gcc (Ubuntu 5.4.0-6ubuntu1~16.04.4) 5.4.0 20160609
Copyright (C) 2015 Free Software Foundation, Inc.
This is free software; see the source for copying conditions.  There is NO
warranty; not even for MERCHANTABILITY or FITNESS FOR A PARTICULAR PURPOSE.

configure:3187: $? = 0
configure:3176: gcc -v >&5
Using built-in specs.
COLLECT_GCC=gcc
COLLECT_LTO_WRAPPER=/usr/lib/gcc/x86_64-linux-gnu/5/lto-wrapper
Target: x86_64-linux-gnu
Configured with: ../src/configure -v --with-pkgversion='Ubuntu 5.4.0-6ubuntu1~16.04.4' --with-bugurl=file:///usr/share/doc/gcc-5/README.Bugs --enable-languages=c,ada,c++,java,go,d,fortran,objc,obj-c++ --prefix=/usr --program-suffix=-5 --enable-shared --enable-linker-build-id --libexecdir=/usr/lib --without-included-gettext --enable-threads=posix --libdir=/usr/lib --enable-nls --with-sysroot=/ --enable-clocale=gnu --enable-libstdcxx-debug --enable-libstdcxx-time=yes --with-default-libstdcxx-abi=new --enable-gnu-unique-object --disable-vtable-verify --enable-libmpx --enable-plugin --with-system-zlib --disable-browser-plugin --enable-java-awt=gtk --enable-gtk-cairo --with-java-home=/usr/lib/jvm/java-1.5.0-gcj-5-amd64/jre --enable-java-home --with-jvm-root-dir=/usr/lib/jvm/java-1.5.0-gcj-5-amd64 --with-jvm-jar-dir=/usr/lib/jvm-exports/java-1.5.0-gcj-5-amd64 --with-arch-directory=amd64 --with-ecj-jar=/usr/share/java/eclipse-ecj.jar --enable-objc-gc --enable-multiarch --disable-werror --with-arch-32=i686 --with-abi=m64 --with-multilib-list=m32,m64,mx32 --enable-multilib --with-tune=generic --enable-checking=release --build=x86_64-linux-gnu --host=x86_64-linux-gnu --target=x86_64-linux-gnu
Thread model: posix
gcc version 5.4.0 20160609 (Ubuntu 5.4.0-6ubuntu1~16.04.4) 
configure:3187: $? = 0
configure:3176: gcc -V >&5
gcc: error: unrecognized command line option '-V'
gcc: fatal error: no input files
compilation terminated.
configure:3187: $? = 1
configure:3176: gcc -qversion >&5
gcc: error: unrecognized command line option '-qversion'
gcc: fatal error: no input files
compilation terminated.
configure:3187: $? = 1
configure:3207: checking whether the C compiler works
configure:3229: gcc    conftest.c  >&5
configure:3233: $? = 0
configure:3281: result: yes
configure:3284: checking for C compiler default output file name
configure:3286: result: a.out
configure:3292: checking for suffix of executables
configure:3299: gcc -o conftest    conftest.c  >&5
configure:3303: $? = 0
configure:3325: result: 
configure:3347: checking whether we are cross compiling
configure:3355: gcc -o conftest    conftest.c  >&5
configure:3359: $? = 0
configure:3366: ./conftest
configure:3370: $? = 0
configure:3385: result: no
configure:3390: checking for suffix of object files
configure:3412: gcc -c   conftest.c >&5
configure:3416: $? = 0
configure:3437: result: o
configure:3441: checking whether we are using the GNU C compiler
configure:3460: gcc -c   conftest.c >&5
configure:3460: $? = 0
configure:3469: result: yes
configure:3478: checking whether gcc accepts -g
configure:3498: gcc -c -g  conftest.c >&5
configure:3498: $? = 0
configure:3539: result: yes
configure:3556: checking for gcc option to accept ISO C89
configure:3619: gcc  -c -g -O2  conftest.c >&5
configure:3619: $? = 0
configure:3632: result: none needed
configure:3657: checking whether gcc understands -c and -o together
configure:3679: gcc -c conftest.c -o conftest2.o
configure:3682: $? = 0
configure:3679: gcc -c conftest.c -o conftest2.o
configure:3682: $? = 0
configure:3694: result: yes
configure:3722: checking for style of include used by make
configure:3750: result: GNU
configure:3776: checking dependency style of gcc
configure:3887: result: gcc3
configure:3935: checking build system type
configure:3949: result: x86_64-pc-linux-gnu
configure:3969: checking host system type
configure:3982: result: x86_64-pc-linux-gnu
configure:4023: checking how to print strings
configure:4050: result: printf
configure:4071: checking for a sed that does not truncate output
configure:4135: result: /bin/sed
configure:4153: checking for grep that handles long lines and -e
configure:4211: result: /bin/grep
configure:4216: checking for egrep
configure:4278: result: /bin/grep -E
configure:4283: checking for fgrep
configure:4345: result: /bin/grep -F
configure:4380: checking for ld used by gcc
configure:4447: result: /usr/bin/ld
configure:4454: checking if the linker (/usr/bin/ld) is GNU ld
configure:4469: result: yes
configure:4481: checking for BSD- or MS-compatible name lister (nm)
configure:4535: result: /usr/bin/nm -B
configure:4665: checking the name lister (/usr/bin/nm -B) interface
configure:4672: gcc -c -g -O2  conftest.c >&5
configure:4675: /usr/bin/nm -B "conftest.o"
configure:4678: output
0000000000000000 B some_variable
configure:4685: result: BSD nm
configure:4688: checking whether ln -s works
configure:4692: result: yes
configure:4700: checking the maximum length of command line arguments
configure:4831: result: 1572864
configure:4879: checking how to convert x86_64-pc-linux-gnu file names to x86_64-pc-linux-gnu format
configure:4919: result: func_convert_file_noop
configure:4926: checking how to convert x86_64-pc-linux-gnu file names to toolchain format
configure:4946: result: func_convert_file_noop
configure:4953: checking for /usr/bin/ld option to reload object files
configure:4960: result: -r
configure:5034: checking for objdump
configure:5050: found /usr/bin/objdump
configure:5061: result: objdump
configure:5093: checking how to recognize dependent libraries
configure:5293: result: pass_all
configure:5378: checking for dlltool
configure:5408: result: no
configure:5438: checking how to associate runtime and link libraries
configure:5465: result: printf %s\n
configure:5526: checking for ar
configure:5542: found /usr/bin/ar
configure:5553: result: ar
configure:5590: checking for archiver @FILE support
configure:5607: gcc -c -g -O2  conftest.c >&5
configure:5607: $? = 0
configure:5610: ar cru libconftest.a @conftest.lst >&5
ar: `u' modifier ignored since `D' is the default (see `U')
configure:5613: $? = 0
configure:5618: ar cru libconftest.a @conftest.lst >&5
ar: `u' modifier ignored since `D' is the default (see `U')
ar: conftest.o: No such file or directory
configure:5621: $? = 1
configure:5633: result: @
configure:5691: checking for strip
configure:5707: found /usr/bin/strip
configure:5718: result: strip
configure:5790: checking for ranlib
configure:5806: found /usr/bin/ranlib
configure:5817: result: ranlib
configure:5919: checking command to parse /usr/bin/nm -B output from gcc object
configure:6072: gcc -c -g -O2  conftest.c >&5
configure:6075: $? = 0
configure:6079: /usr/bin/nm -B conftest.o \| sed -n -e 's/^.*[ ]\([ABCDGIRSTW][ABCDGIRSTW]*\)[ ][ ]*\([_A-Za-z][_A-Za-z0-9]*\)$/\1 \2 \2/p' | sed '/ __gnu_lto/d' \> conftest.nm
configure:6082: $? = 0
configure:6148: gcc -o conftest -g -O2   conftest.c conftstm.o >&5
configure:6151: $? = 0
configure:6189: result: ok
configure:6236: checking for sysroot
configure:6266: result: no
configure:6273: checking for a working dd
configure:6311: result: /bin/dd
configure:6315: checking how to truncate binary pipes
configure:6330: result: /bin/dd bs=4096 count=1
configure:6466: gcc -c -g -O2  conftest.c >&5
configure:6469: $? = 0
configure:6659: checking for mt
configure:6675: found /bin/mt
configure:6686: result: mt
configure:6709: checking if mt is a manifest tool
configure:6715: mt '-?'
configure:6723: result: no
configure:7400: checking how to run the C preprocessor
configure:7431: gcc -E  conftest.c
configure:7431: $? = 0
configure:7445: gcc -E  conftest.c
conftest.c:11:28: fatal error: ac_nonexistent.h: No such file or directory
compilation terminated.
configure:7445: $? = 1
configure: failed program was:
| /* confdefs.h */
| #define PACKAGE_NAME "urutau_icons"
| #define PACKAGE_TARNAME "urutau_icons"
| #define PACKAGE_VERSION "0.1"
| #define PACKAGE_STRING "urutau_icons 0.1"
| #define PACKAGE_BUGREPORT ""
| #define PACKAGE_URL ""
| #define PACKAGE "urutau_icons"
| #define VERSION "0.1"
| /* end confdefs.h.  */
| #include <ac_nonexistent.h>
configure:7470: result: gcc -E
configure:7490: gcc -E  conftest.c
configure:7490: $? = 0
configure:7504: gcc -E  conftest.c
conftest.c:11:28: fatal error: ac_nonexistent.h: No such file or directory
compilation terminated.
configure:7504: $? = 1
configure: failed program was:
| /* confdefs.h */
| #define PACKAGE_NAME "urutau_icons"
| #define PACKAGE_TARNAME "urutau_icons"
| #define PACKAGE_VERSION "0.1"
| #define PACKAGE_STRING "urutau_icons 0.1"
| #define PACKAGE_BUGREPORT ""
| #define PACKAGE_URL ""
| #define PACKAGE "urutau_icons"
| #define VERSION "0.1"
| /* end confdefs.h.  */
| #include <ac_nonexistent.h>
configure:7533: checking for ANSI C header files
configure:7553: gcc -c -g -O2  conftest.c >&5
configure:7553: $? = 0
configure:7626: gcc -o conftest -g -O2   conftest.c  >&5
configure:7626: $? = 0
configure:7626: ./conftest
configure:7626: $? = 0
configure:7637: result: yes
configure:7650: checking for sys/types.h
configure:7650: gcc -c -g -O2  conftest.c >&5
configure:7650: $? = 0
configure:7650: result: yes
configure:7650: checking for sys/stat.h
configure:7650: gcc -c -g -O2  conftest.c >&5
configure:7650: $? = 0
configure:7650: result: yes
configure:7650: checking for stdlib.h
configure:7650: gcc -c -g -O2  conftest.c >&5
configure:7650: $? = 0
configure:7650: result: yes
configure:7650: checking for string.h
configure:7650: gcc -c -g -O2  conftest.c >&5
configure:7650: $? = 0
configure:7650: result: yes
configure:7650: checking for memory.h
configure:7650: gcc -c -g -O2  conftest.c >&5
configure:7650: $? = 0
configure:7650: result: yes
configure:7650: checking for strings.h
configure:7650: gcc -c -g -O2  conftest.c >&5
configure:7650: $? = 0
configure:7650: result: yes
configure:7650: checking for inttypes.h
configure:7650: gcc -c -g -O2  conftest.c >&5
configure:7650: $? = 0
configure:7650: result: yes
configure:7650: checking for stdint.h
configure:7650: gcc -c -g -O2  conftest.c >&5
configure:7650: $? = 0
configure:7650: result: yes
configure:7650: checking for unistd.h
configure:7650: gcc -c -g -O2  conftest.c >&5
configure:7650: $? = 0
configure:7650: result: yes
configure:7664: checking for dlfcn.h
configure:7664: gcc -c -g -O2  conftest.c >&5
configure:7664: $? = 0
configure:7664: result: yes
configure:7920: checking for objdir
configure:7935: result: .libs
configure:8195: checking if gcc supports -fno-rtti -fno-exceptions
configure:8213: gcc -c -g -O2  -fno-rtti -fno-exceptions conftest.c >&5
cc1: warning: command line option '-fno-rtti' is valid for C++/ObjC++ but not for C
configure:8217: $? = 0
configure:8230: result: no
configure:8588: checking for gcc option to produce PIC
configure:8595: result: -fPIC -DPIC
configure:8603: checking if gcc PIC flag -fPIC -DPIC works
configure:8621: gcc -c -g -O2  -fPIC -DPIC -DPIC conftest.c >&5
configure:8625: $? = 0
configure:8638: result: yes
configure:8667: checking if gcc static flag -static works
configure:8695: result: yes
configure:8710: checking if gcc supports -c -o file.o
configure:8731: gcc -c -g -O2  -o out/conftest2.o conftest.c >&5
configure:8735: $? = 0
configure:8757: result: yes
configure:8765: checking if gcc supports -c -o file.o
configure:8812: result: yes
configure:8845: checking whether the gcc linker (/usr/bin/ld -m elf_x86_64) supports shared libraries
configure:10108: result: yes
configure:10145: checking whether -lc should be explicitly linked in
configure:10153: gcc -c -g -O2  conftest.c >&5
configure:10156: $? = 0
configure:10171: gcc -shared  -fPIC -DPIC conftest.o  -v -Wl,-soname -Wl,conftest -o conftest 2\>\&1 \| /bin/grep  -lc  \>/dev/null 2\>\&1
configure:10174: $? = 0
configure:10188: result: no
configure:10348: checking dynamic linker characteristics
configure:10929: gcc -o conftest -g -O2   -Wl,-rpath -Wl,/foo conftest.c  >&5
configure:10929: $? = 0
configure:11178: result: GNU/Linux ld.so
configure:11300: checking how to hardcode library paths into programs
configure:11325: result: immediate
configure:11873: checking whether stripping libraries is possible
configure:11878: result: yes
configure:11913: checking if libtool supports shared libraries
configure:11915: result: yes
configure:11918: checking whether to build shared libraries
configure:11943: result: yes
configure:11946: checking whether to build static libraries
configure:11950: result: yes
configure:11990: checking for valac
configure:12008: found /usr/bin/valac
configure:12021: result: /usr/bin/valac
configure:12030: checking whether /usr/bin/valac is at least version 0.10.0
configure:12038: result: yes
configure:12115: checking for pkg-config
configure:12133: found /usr/bin/pkg-config
configure:12145: result: /usr/bin/pkg-config
configure:12170: checking pkg-config is at least version 0.9.0
configure:12173: result: yes
configure:12183: checking for URUTAU_ICONS
configure:12190: $PKG_CONFIG --exists --print-errors "gtk+-3.0 gtk+-3.0"
configure:12193: $? = 0
configure:12207: $PKG_CONFIG --exists --print-errors "gtk+-3.0 gtk+-3.0"
configure:12210: $? = 0
configure:12268: result: yes
configure:12385: checking that generated files are newer than configure
configure:12391: result: done
configure:12414: creating ./config.status

## ---------------------- ##
## Running config.status. ##
## ---------------------- ##

This file was extended by urutau_icons config.status 0.1, which was
generated by GNU Autoconf 2.69.  Invocation command line was

  CONFIG_FILES    = 
  CONFIG_HEADERS  = 
  CONFIG_LINKS    = 
  CONFIG_COMMANDS = 
  $ ./config.status 

on helder-Aspire-E1-572

config.status:1095: creating Makefile
config.status:1095: creating src/Makefile
config.status:1095: creating config.h
config.status:1324: executing depfiles commands
config.status:1324: executing libtool commands

## ---------------- ##
## Cache variables. ##
## ---------------- ##

ac_cv_build=x86_64-pc-linux-gnu
ac_cv_c_compiler_gnu=yes
ac_cv_env_CC_set=
ac_cv_env_CC_value=
ac_cv_env_CFLAGS_set=
ac_cv_env_CFLAGS_value=
ac_cv_env_CPPFLAGS_set=
ac_cv_env_CPPFLAGS_value=
ac_cv_env_CPP_set=
ac_cv_env_CPP_value=
ac_cv_env_LDFLAGS_set=
ac_cv_env_LDFLAGS_value=
ac_cv_env_LIBS_set=
ac_cv_env_LIBS_value=
ac_cv_env_LT_SYS_LIBRARY_PATH_set=
ac_cv_env_LT_SYS_LIBRARY_PATH_value=
ac_cv_env_PKG_CONFIG_LIBDIR_set=
ac_cv_env_PKG_CONFIG_LIBDIR_value=
ac_cv_env_PKG_CONFIG_PATH_set=
ac_cv_env_PKG_CONFIG_PATH_value=
ac_cv_env_PKG_CONFIG_set=
ac_cv_env_PKG_CONFIG_value=
ac_cv_env_URUTAU_ICONS_CFLAGS_set=
ac_cv_env_URUTAU_ICONS_CFLAGS_value=
ac_cv_env_URUTAU_ICONS_LIBS_set=
ac_cv_env_URUTAU_ICONS_LIBS_value=
ac_cv_env_build_alias_set=
ac_cv_env_build_alias_value=
ac_cv_env_host_alias_set=
ac_cv_env_host_alias_value=
ac_cv_env_target_alias_set=
ac_cv_env_target_alias_value=
ac_cv_header_dlfcn_h=yes
ac_cv_header_inttypes_h=yes
ac_cv_header_memory_h=yes
ac_cv_header_stdc=yes
ac_cv_header_stdint_h=yes
ac_cv_header_stdlib_h=yes
ac_cv_header_string_h=yes
ac_cv_header_strings_h=yes
ac_cv_header_sys_stat_h=yes
ac_cv_header_sys_types_h=yes
ac_cv_header_unistd_h=yes
ac_cv_host=x86_64-pc-linux-gnu
ac_cv_objext=o
ac_cv_path_EGREP='/bin/grep -E'
ac_cv_path_FGREP='/bin/grep -F'
ac_cv_path_GREP=/bin/grep
ac_cv_path_SED=/bin/sed
ac_cv_path_VALAC=/usr/bin/valac
ac_cv_path_ac_pt_PKG_CONFIG=/usr/bin/pkg-config
ac_cv_path_install='/usr/bin/install -c'
ac_cv_path_lt_DD=/bin/dd
ac_cv_path_mkdir=/bin/mkdir
ac_cv_prog_AWK=gawk
ac_cv_prog_CPP='gcc -E'
ac_cv_prog_ac_ct_AR=ar
ac_cv_prog_ac_ct_CC=gcc
ac_cv_prog_ac_ct_MANIFEST_TOOL=mt
ac_cv_prog_ac_ct_OBJDUMP=objdump
ac_cv_prog_ac_ct_RANLIB=ranlib
ac_cv_prog_ac_ct_STRIP=strip
ac_cv_prog_cc_c89=
ac_cv_prog_cc_g=yes
ac_cv_prog_make_make_set=yes
am_cv_CC_dependencies_compiler_type=gcc3
am_cv_make_support_nested_variables=yes
am_cv_prog_cc_c_o=yes
lt_cv_ar_at_file=@
lt_cv_archive_cmds_need_lc=no
lt_cv_deplibs_check_method=pass_all
lt_cv_file_magic_cmd='$MAGIC_CMD'
lt_cv_file_magic_test_file=
lt_cv_ld_reload_flag=-r
lt_cv_nm_interface='BSD nm'
lt_cv_objdir=.libs
lt_cv_path_LD=/usr/bin/ld
lt_cv_path_NM='/usr/bin/nm -B'
lt_cv_path_mainfest_tool=no
lt_cv_prog_compiler_c_o=yes
lt_cv_prog_compiler_pic='-fPIC -DPIC'
lt_cv_prog_compiler_pic_works=yes
lt_cv_prog_compiler_rtti_exceptions=no
lt_cv_prog_compiler_static_works=yes
lt_cv_prog_gnu_ld=yes
lt_cv_sharedlib_from_linklib_cmd='printf %s\n'
lt_cv_shlibpath_overrides_runpath=no
lt_cv_sys_global_symbol_pipe='sed -n -e '\''s/^.*[	 ]\([ABCDGIRSTW][ABCDGIRSTW]*\)[	 ][	 ]*\([_A-Za-z][_A-Za-z0-9]*\)$/\1 \2 \2/p'\'' | sed '\''/ __gnu_lto/d'\'''
lt_cv_sys_global_symbol_to_c_name_address='sed -n -e '\''s/^: \(.*\) .*$/  {"\1", (void *) 0},/p'\'' -e '\''s/^[ABCDGIRSTW][ABCDGIRSTW]* .* \(.*\)$/  {"\1", (void *) \&\1},/p'\'''
lt_cv_sys_global_symbol_to_c_name_address_lib_prefix='sed -n -e '\''s/^: \(.*\) .*$/  {"\1", (void *) 0},/p'\'' -e '\''s/^[ABCDGIRSTW][ABCDGIRSTW]* .* \(lib.*\)$/  {"\1", (void *) \&\1},/p'\'' -e '\''s/^[ABCDGIRSTW][ABCDGIRSTW]* .* \(.*\)$/  {"lib\1", (void *) \&\1},/p'\'''
lt_cv_sys_global_symbol_to_cdecl='sed -n -e '\''s/^T .* \(.*\)$/extern int \1();/p'\'' -e '\''s/^[ABCDGIRSTW][ABCDGIRSTW]* .* \(.*\)$/extern char \1;/p'\'''
lt_cv_sys_global_symbol_to_import=
lt_cv_sys_max_cmd_len=1572864
lt_cv_to_host_file_cmd=func_convert_file_noop
lt_cv_to_tool_file_cmd=func_convert_file_noop
lt_cv_truncate_bin='/bin/dd bs=4096 count=1'
pkg_cv_URUTAU_ICONS_CFLAGS='-pthread -I/usr/include/gtk-3.0 -I/usr/include/at-spi2-atk/2.0 -I/usr/include/at-spi-2.0 -I/usr/include/dbus-1.0 -I/usr/lib/x86_64-linux-gnu/dbus-1.0/include -I/usr/include/gtk-3.0 -I/usr/include/gio-unix-2.0/ -I/usr/include/mirclient -I/usr/include/mircore -I/usr/include/mircookie -I/usr/include/cairo -I/usr/include/pango-1.0 -I/usr/include/harfbuzz -I/usr/include/pango-1.0 -I/usr/include/atk-1.0 -I/usr/include/cairo -I/usr/include/pixman-1 -I/usr/include/freetype2 -I/usr/include/libpng12 -I/usr/include/gdk-pixbuf-2.0 -I/usr/include/libpng12 -I/usr/include/glib-2.0 -I/usr/lib/x86_64-linux-gnu/glib-2.0/include'
pkg_cv_URUTAU_ICONS_LIBS='-lgtk-3 -lgdk-3 -lpangocairo-1.0 -lpango-1.0 -latk-1.0 -lcairo-gobject -lcairo -lgdk_pixbuf-2.0 -lgio-2.0 -lgobject-2.0 -lglib-2.0'

## ----------------- ##
## Output variables. ##
## ----------------- ##

ACLOCAL='${SHELL} /home/helder/urutau-icons/missing aclocal-1.15'
AMDEPBACKSLASH='\'
AMDEP_FALSE='#'
AMDEP_TRUE=''
AMTAR='$${TAR-tar}'
AM_BACKSLASH='\'
AM_DEFAULT_V='$(AM_DEFAULT_VERBOSITY)'
AM_DEFAULT_VERBOSITY='0'
AM_V='$(V)'
AR='ar'
AUTOCONF='${SHELL} /home/helder/urutau-icons/missing autoconf'
AUTOHEADER='${SHELL} /home/helder/urutau-icons/missing autoheader'
AUTOMAKE='${SHELL} /home/helder/urutau-icons/missing automake-1.15'
AWK='gawk'
CC='gcc'
CCDEPMODE='depmode=gcc3'
CFLAGS='-g -O2'
CPP='gcc -E'
CPPFLAGS=''
CYGPATH_W='echo'
DEFS='-DHAVE_CONFIG_H'
DEPDIR='.deps'
DLLTOOL='false'
DSYMUTIL=''
DUMPBIN=''
ECHO_C=''
ECHO_N='-n'
ECHO_T=''
EGREP='/bin/grep -E'
EXEEXT=''
FGREP='/bin/grep -F'
GREP='/bin/grep'
INSTALL_DATA='${INSTALL} -m 644'
INSTALL_PROGRAM='${INSTALL}'
INSTALL_SCRIPT='${INSTALL}'
INSTALL_STRIP_PROGRAM='$(install_sh) -c -s'
LD='/usr/bin/ld -m elf_x86_64'
LDFLAGS=''
LIBOBJS=''
LIBS=''
LIBTOOL='$(SHELL) $(top_builddir)/libtool'
LIPO=''
LN_S='ln -s'
LTLIBOBJS=''
LT_SYS_LIBRARY_PATH=''
MAKEINFO='${SHELL} /home/helder/urutau-icons/missing makeinfo'
MANIFEST_TOOL=':'
MKDIR_P='/bin/mkdir -p'
NM='/usr/bin/nm -B'
NMEDIT=''
OBJDUMP='objdump'
OBJEXT='o'
OTOOL64=''
OTOOL=''
PACKAGE='urutau_icons'
PACKAGE_BUGREPORT=''
PACKAGE_NAME='urutau_icons'
PACKAGE_STRING='urutau_icons 0.1'
PACKAGE_TARNAME='urutau_icons'
PACKAGE_URL=''
PACKAGE_VERSION='0.1'
PATH_SEPARATOR=':'
PKG_CONFIG='/usr/bin/pkg-config'
PKG_CONFIG_LIBDIR=''
PKG_CONFIG_PATH=''
RANLIB='ranlib'
SED='/bin/sed'
SET_MAKE=''
SHELL='/bin/bash'
STRIP='strip'
URUTAU_ICONS_CFLAGS='-pthread -I/usr/include/gtk-3.0 -I/usr/include/at-spi2-atk/2.0 -I/usr/include/at-spi-2.0 -I/usr/include/dbus-1.0 -I/usr/lib/x86_64-linux-gnu/dbus-1.0/include -I/usr/include/gtk-3.0 -I/usr/include/gio-unix-2.0/ -I/usr/include/mirclient -I/usr/include/mircore -I/usr/include/mircookie -I/usr/include/cairo -I/usr/include/pango-1.0 -I/usr/include/harfbuzz -I/usr/include/pango-1.0 -I/usr/include/atk-1.0 -I/usr/include/cairo -I/usr/include/pixman-1 -I/usr/include/freetype2 -I/usr/include/libpng12 -I/usr/include/gdk-pixbuf-2.0 -I/usr/include/libpng12 -I/usr/include/glib-2.0 -I/usr/lib/x86_64-linux-gnu/glib-2.0/include'
URUTAU_ICONS_LIBS='-lgtk-3 -lgdk-3 -lpangocairo-1.0 -lpango-1.0 -latk-1.0 -lcairo-gobject -lcairo -lgdk_pixbuf-2.0 -lgio-2.0 -lgobject-2.0 -lglib-2.0'
VALAC='/usr/bin/valac'
VERSION='0.1'
ac_ct_AR='ar'
ac_ct_CC='gcc'
ac_ct_DUMPBIN=''
am__EXEEXT_FALSE=''
am__EXEEXT_TRUE='#'
am__fastdepCC_FALSE='#'
am__fastdepCC_TRUE=''
am__include='include'
am__isrc=''
am__leading_dot='.'
am__nodep='_no'
am__quote=''
am__tar='$${TAR-tar} chof - "$$tardir"'
am__untar='$${TAR-tar} xf -'
bindir='${exec_prefix}/bin'
build='x86_64-pc-linux-gnu'
build_alias=''
build_cpu='x86_64'
build_os='linux-gnu'
build_vendor='pc'
datadir='${datarootdir}'
datarootdir='${prefix}/share'
docdir='${datarootdir}/doc/${PACKAGE_TARNAME}'
dvidir='${docdir}'
exec_prefix='${prefix}'
host='x86_64-pc-linux-gnu'
host_alias=''
host_cpu='x86_64'
host_os='linux-gnu'
host_vendor='pc'
htmldir='${docdir}'
includedir='${prefix}/include'
infodir='${datarootdir}/info'
install_sh='${SHELL} /home/helder/urutau-icons/install-sh'
libdir='${exec_prefix}/lib'
libexecdir='${exec_prefix}/libexec'
localedir='${datarootdir}/locale'
localstatedir='${prefix}/var'
mandir='${datarootdir}/man'
mkdir_p='$(MKDIR_P)'
oldincludedir='/usr/include'
pdfdir='${docdir}'
prefix='/usr/local'
program_transform_name='s,x,x,'
psdir='${docdir}'
runstatedir='${localstatedir}/run'
sbindir='${exec_prefix}/sbin'
sharedstatedir='${prefix}/com'
sysconfdir='${prefix}/etc'
target_alias=''

## ----------- ##
## confdefs.h. ##
## ----------- ##

/* confdefs.h */
#define PACKAGE_NAME "urutau_icons"
#define PACKAGE_TARNAME "urutau_icons"
#define PACKAGE_VERSION "0.1"
#define PACKAGE_STRING "urutau_icons 0.1"
#define PACKAGE_BUGREPORT ""
#define PACKAGE_URL ""
#define PACKAGE "urutau_icons"
#define VERSION "0.1"
#define STDC_HEADERS 1
#define HAVE_SYS_TYPES_H 1
#define HAVE_SYS_STAT_H 1
#define HAVE_STDLIB_H 1
#define HAVE_STRING_H 1
#define HAVE_MEMORY_H 1
#define HAVE_STRINGS_H 1
#define HAVE_INTTYPES_H 1
#define HAVE_STDINT_H 1
#define HAVE_UNISTD_H 1
#define HAVE_DLFCN_H 1
#define LT_OBJDIR ".libs/"

configure: exit 0
